  AABB.cpp
E:\Engine\lonely3D\lonely3D\MathTools.h(559,27): warning C4267: “初始化”: 从“size_t”转换到“int”，可能丢失数据
  AnimatedMeshSceneNode.cpp
E:\Engine\lonely3D\lonely3D\MathTools.h(559,27): warning C4267: “初始化”: 从“size_t”转换到“int”，可能丢失数据
E:\Engine\lonely3D\lonely3D\IndexBuffer.h(45,1): warning C4267: “return”: 从“size_t”转换到“uint32”，可能丢失数据
E:\Engine\lonely3D\lonely3D\IndexBuffer.h(49,1): warning C4267: “return”: 从“size_t”转换到“uint32”，可能丢失数据
E:\Engine\lonely3D\lonely3D\IndexBuffer.h(56,1): warning C4267: “return”: 从“size_t”转换到“uint32”，可能丢失数据
E:\Engine\lonely3D\lonely3D\IndexBuffer.h(60,1): warning C4267: “return”: 从“size_t”转换到“uint32”，可能丢失数据
E:\Engine\lonely3D\lonely3D\ISceneNode.h(69,31): warning C4267: “return”: 从“size_t”转换到“int32”，可能丢失数据
E:\Engine\lonely3D\lonely3D\ISceneNode.h(70,31): warning C4267: “return”: 从“size_t”转换到“int32”，可能丢失数据
E:\Engine\lonely3D\lonely3D\SkinnedSkeleton.h(30,28): warning C4267: “return”: 从“size_t”转换到“uint32”，可能丢失数据
E:\Engine\lonely3D\lonely3D\UtilTools.h(18,43): warning C4267: “初始化”: 从“size_t”转换到“int32”，可能丢失数据
E:\Engine\lonely3D\lonely3D\Light.h(102,29): warning C4267: “return”: 从“size_t”转换到“int32”，可能丢失数据
E:\Engine\lonely3D\lonely3D\TextureLoader_JPEG.h(9,10): fatal error C1083: 无法打开包括文件: “jpeglib.h”: No such file or directory
  Camera.cpp
E:\Engine\lonely3D\lonely3D\MathTools.h(559,27): warning C4267: “初始化”: 从“size_t”转换到“int”，可能丢失数据
E:\Engine\lonely3D\lonely3D\IndexBuffer.h(45,1): warning C4267: “return”: 从“size_t”转换到“uint32”，可能丢失数据
E:\Engine\lonely3D\lonely3D\IndexBuffer.h(49,1): warning C4267: “return”: 从“size_t”转换到“uint32”，可能丢失数据
E:\Engine\lonely3D\lonely3D\IndexBuffer.h(56,1): warning C4267: “return”: 从“size_t”转换到“uint32”，可能丢失数据
E:\Engine\lonely3D\lonely3D\IndexBuffer.h(60,1): warning C4267: “return”: 从“size_t”转换到“uint32”，可能丢失数据
E:\Engine\lonely3D\lonely3D\ISceneNode.h(69,31): warning C4267: “return”: 从“size_t”转换到“int32”，可能丢失数据
E:\Engine\lonely3D\lonely3D\ISceneNode.h(70,31): warning C4267: “return”: 从“size_t”转换到“int32”，可能丢失数据
E:\Engine\lonely3D\lonely3D\UtilTools.h(18,43): warning C4267: “初始化”: 从“size_t”转换到“int32”，可能丢失数据
E:\Engine\lonely3D\lonely3D\Light.h(102,29): warning C4267: “return”: 从“size_t”转换到“int32”，可能丢失数据
E:\Engine\lonely3D\lonely3D\SkinnedSkeleton.h(30,28): warning C4267: “return”: 从“size_t”转换到“uint32”，可能丢失数据
E:\Engine\lonely3D\lonely3D\TextureLoader_JPEG.h(9,10): fatal error C1083: 无法打开包括文件: “jpeglib.h”: No such file or directory
  ColorConverter.cpp
E:\Engine\lonely3D\lonely3D\MathTools.h(559,27): warning C4267: “初始化”: 从“size_t”转换到“int”，可能丢失数据
  CubeSceneNode.cpp
E:\Engine\lonely3D\lonely3D\MathTools.h(559,27): warning C4267: “初始化”: 从“size_t”转换到“int”，可能丢失数据
E:\Engine\lonely3D\lonely3D\IndexBuffer.h(45,1): warning C4267: “return”: 从“size_t”转换到“uint32”，可能丢失数据
E:\Engine\lonely3D\lonely3D\IndexBuffer.h(49,1): warning C4267: “return”: 从“size_t”转换到“uint32”，可能丢失数据
E:\Engine\lonely3D\lonely3D\IndexBuffer.h(56,1): warning C4267: “return”: 从“size_t”转换到“uint32”，可能丢失数据
E:\Engine\lonely3D\lonely3D\IndexBuffer.h(60,1): warning C4267: “return”: 从“size_t”转换到“uint32”，可能丢失数据
E:\Engine\lonely3D\lonely3D\ISceneNode.h(69,31): warning C4267: “return”: 从“size_t”转换到“int32”，可能丢失数据
E:\Engine\lonely3D\lonely3D\ISceneNode.h(70,31): warning C4267: “return”: 从“size_t”转换到“int32”，可能丢失数据
E:\Engine\lonely3D\lonely3D\UtilTools.h(18,43): warning C4267: “初始化”: 从“size_t”转换到“int32”，可能丢失数据
E:\Engine\lonely3D\lonely3D\Light.h(102,29): warning C4267: “return”: 从“size_t”转换到“int32”，可能丢失数据
E:\Engine\lonely3D\lonely3D\SkinnedSkeleton.h(30,28): warning C4267: “return”: 从“size_t”转换到“uint32”，可能丢失数据
E:\Engine\lonely3D\lonely3D\TextureLoader_JPEG.h(9,10): fatal error C1083: 无法打开包括文件: “jpeglib.h”: No such file or directory
  EmptySceneNode.cpp
E:\Engine\lonely3D\lonely3D\MathTools.h(559,27): warning C4267: “初始化”: 从“size_t”转换到“int”，可能丢失数据
E:\Engine\lonely3D\lonely3D\IndexBuffer.h(45,1): warning C4267: “return”: 从“size_t”转换到“uint32”，可能丢失数据
E:\Engine\lonely3D\lonely3D\IndexBuffer.h(49,1): warning C4267: “return”: 从“size_t”转换到“uint32”，可能丢失数据
E:\Engine\lonely3D\lonely3D\IndexBuffer.h(56,1): warning C4267: “return”: 从“size_t”转换到“uint32”，可能丢失数据
E:\Engine\lonely3D\lonely3D\IndexBuffer.h(60,1): warning C4267: “return”: 从“size_t”转换到“uint32”，可能丢失数据
E:\Engine\lonely3D\lonely3D\ISceneNode.h(69,31): warning C4267: “return”: 从“size_t”转换到“int32”，可能丢失数据
E:\Engine\lonely3D\lonely3D\ISceneNode.h(70,31): warning C4267: “return”: 从“size_t”转换到“int32”，可能丢失数据
  FIleInfo.cpp
E:\Engine\lonely3D\lonely3D\FIleInfo.cpp(18,47): warning C4267: “初始化”: 从“size_t”转换到“uint32”，可能丢失数据
E:\Engine\lonely3D\lonely3D\FIleInfo.cpp(80,49): warning C4267: “=”: 从“size_t”转换到“uint32”，可能丢失数据
E:\Engine\lonely3D\lonely3D\FIleInfo.cpp(98,50): warning C4267: “=”: 从“size_t”转换到“uint32”，可能丢失数据
  GameHost.cpp
E:\Engine\lonely3D\lonely3D\MathTools.h(559,27): warning C4267: “初始化”: 从“size_t”转换到“int”，可能丢失数据
E:\Engine\lonely3D\lonely3D\UtilTools.h(18,43): warning C4267: “初始化”: 从“size_t”转换到“int32”，可能丢失数据
E:\Engine\lonely3D\lonely3D\IndexBuffer.h(45,1): warning C4267: “return”: 从“size_t”转换到“uint32”，可能丢失数据
E:\Engine\lonely3D\lonely3D\IndexBuffer.h(49,1): warning C4267: “return”: 从“size_t”转换到“uint32”，可能丢失数据
E:\Engine\lonely3D\lonely3D\IndexBuffer.h(56,1): warning C4267: “return”: 从“size_t”转换到“uint32”，可能丢失数据
E:\Engine\lonely3D\lonely3D\IndexBuffer.h(60,1): warning C4267: “return”: 从“size_t”转换到“uint32”，可能丢失数据
E:\Engine\lonely3D\lonely3D\ISceneNode.h(69,31): warning C4267: “return”: 从“size_t”转换到“int32”，可能丢失数据
E:\Engine\lonely3D\lonely3D\ISceneNode.h(70,31): warning C4267: “return”: 从“size_t”转换到“int32”，可能丢失数据
E:\Engine\lonely3D\lonely3D\Light.h(102,29): warning C4267: “return”: 从“size_t”转换到“int32”，可能丢失数据
E:\Engine\lonely3D\lonely3D\SkinnedSkeleton.h(30,28): warning C4267: “return”: 从“size_t”转换到“uint32”，可能丢失数据
E:\Engine\lonely3D\lonely3D\TextureLoader_JPEG.h(9,10): fatal error C1083: 无法打开包括文件: “jpeglib.h”: No such file or directory
  IShader.cpp
E:\Engine\lonely3D\lonely3D\MathTools.h(559,27): warning C4267: “初始化”: 从“size_t”转换到“int”，可能丢失数据
E:\Engine\lonely3D\lonely3D\UtilTools.h(18,43): warning C4267: “初始化”: 从“size_t”转换到“int32”，可能丢失数据
  LightSceneNode.cpp
E:\Engine\lonely3D\lonely3D\MathTools.h(559,27): warning C4267: “初始化”: 从“size_t”转换到“int”，可能丢失数据
E:\Engine\lonely3D\lonely3D\IndexBuffer.h(45,1): warning C4267: “return”: 从“size_t”转换到“uint32”，可能丢失数据
E:\Engine\lonely3D\lonely3D\IndexBuffer.h(49,1): warning C4267: “return”: 从“size_t”转换到“uint32”，可能丢失数据
E:\Engine\lonely3D\lonely3D\IndexBuffer.h(56,1): warning C4267: “return”: 从“size_t”转换到“uint32”，可能丢失数据
E:\Engine\lonely3D\lonely3D\IndexBuffer.h(60,1): warning C4267: “return”: 从“size_t”转换到“uint32”，可能丢失数据
E:\Engine\lonely3D\lonely3D\ISceneNode.h(69,31): warning C4267: “return”: 从“size_t”转换到“int32”，可能丢失数据
E:\Engine\lonely3D\lonely3D\ISceneNode.h(70,31): warning C4267: “return”: 从“size_t”转换到“int32”，可能丢失数据
E:\Engine\lonely3D\lonely3D\UtilTools.h(18,43): warning C4267: “初始化”: 从“size_t”转换到“int32”，可能丢失数据
E:\Engine\lonely3D\lonely3D\Light.h(102,29): warning C4267: “return”: 从“size_t”转换到“int32”，可能丢失数据
E:\Engine\lonely3D\lonely3D\SkinnedSkeleton.h(30,28): warning C4267: “return”: 从“size_t”转换到“uint32”，可能丢失数据
E:\Engine\lonely3D\lonely3D\TextureLoader_JPEG.h(9,10): fatal error C1083: 无法打开包括文件: “jpeglib.h”: No such file or directory
  Matrix3x3.cpp
E:\Engine\lonely3D\lonely3D\MathTools.h(559,27): warning C4267: “初始化”: 从“size_t”转换到“int”，可能丢失数据
  Matrix4x4.cpp
E:\Engine\lonely3D\lonely3D\MathTools.h(559,27): warning C4267: “初始化”: 从“size_t”转换到“int”，可能丢失数据
  lonely3D.cpp
E:\Engine\lonely3D\lonely3D\MathTools.h(559,27): warning C4267: “初始化”: 从“size_t”转换到“int”，可能丢失数据
E:\Engine\lonely3D\lonely3D\UtilTools.h(18,43): warning C4267: “初始化”: 从“size_t”转换到“int32”，可能丢失数据
E:\Engine\lonely3D\lonely3D\IndexBuffer.h(45,1): warning C4267: “return”: 从“size_t”转换到“uint32”，可能丢失数据
E:\Engine\lonely3D\lonely3D\IndexBuffer.h(49,1): warning C4267: “return”: 从“size_t”转换到“uint32”，可能丢失数据
E:\Engine\lonely3D\lonely3D\IndexBuffer.h(56,1): warning C4267: “return”: 从“size_t”转换到“uint32”，可能丢失数据
E:\Engine\lonely3D\lonely3D\IndexBuffer.h(60,1): warning C4267: “return”: 从“size_t”转换到“uint32”，可能丢失数据
E:\Engine\lonely3D\lonely3D\ISceneNode.h(69,31): warning C4267: “return”: 从“size_t”转换到“int32”，可能丢失数据
E:\Engine\lonely3D\lonely3D\ISceneNode.h(70,31): warning C4267: “return”: 从“size_t”转换到“int32”，可能丢失数据
E:\Engine\lonely3D\lonely3D\Light.h(102,29): warning C4267: “return”: 从“size_t”转换到“int32”，可能丢失数据
E:\Engine\lonely3D\lonely3D\SkinnedSkeleton.h(30,28): warning C4267: “return”: 从“size_t”转换到“uint32”，可能丢失数据
E:\Engine\lonely3D\lonely3D\TextureLoader_JPEG.h(9,10): fatal error C1083: 无法打开包括文件: “jpeglib.h”: No such file or directory
  MeshBuffer.cpp
E:\Engine\lonely3D\lonely3D\MathTools.h(559,27): warning C4267: “初始化”: 从“size_t”转换到“int”，可能丢失数据
E:\Engine\lonely3D\lonely3D\IndexBuffer.h(45,1): warning C4267: “return”: 从“size_t”转换到“uint32”，可能丢失数据
E:\Engine\lonely3D\lonely3D\IndexBuffer.h(49,1): warning C4267: “return”: 从“size_t”转换到“uint32”，可能丢失数据
E:\Engine\lonely3D\lonely3D\IndexBuffer.h(56,1): warning C4267: “return”: 从“size_t”转换到“uint32”，可能丢失数据
E:\Engine\lonely3D\lonely3D\IndexBuffer.h(60,1): warning C4267: “return”: 从“size_t”转换到“uint32”，可能丢失数据
E:\Engine\lonely3D\lonely3D\UtilTools.h(18,43): warning C4267: “初始化”: 从“size_t”转换到“int32”，可能丢失数据
  MeshLoader_OGRE.cpp
E:\Engine\lonely3D\lonely3D\IndexBuffer.h(45,1): warning C4267: “return”: 从“size_t”转换到“uint32”，可能丢失数据
E:\Engine\lonely3D\lonely3D\IndexBuffer.h(49,1): warning C4267: “return”: 从“size_t”转换到“uint32”，可能丢失数据
E:\Engine\lonely3D\lonely3D\IndexBuffer.h(56,1): warning C4267: “return”: 从“size_t”转换到“uint32”，可能丢失数据
E:\Engine\lonely3D\lonely3D\IndexBuffer.h(60,1): warning C4267: “return”: 从“size_t”转换到“uint32”，可能丢失数据
E:\Engine\lonely3D\lonely3D\MathTools.h(559,27): warning C4267: “初始化”: 从“size_t”转换到“int”，可能丢失数据
E:\Engine\lonely3D\lonely3D\SkinnedSkeleton.h(30,28): warning C4267: “return”: 从“size_t”转换到“uint32”，可能丢失数据
E:\Engine\lonely3D\lonely3D\UtilTools.h(18,43): warning C4267: “初始化”: 从“size_t”转换到“int32”，可能丢失数据
E:\Engine\lonely3D\lonely3D\ISceneNode.h(69,31): warning C4267: “return”: 从“size_t”转换到“int32”，可能丢失数据
E:\Engine\lonely3D\lonely3D\ISceneNode.h(70,31): warning C4267: “return”: 从“size_t”转换到“int32”，可能丢失数据
E:\Engine\lonely3D\lonely3D\Light.h(102,29): warning C4267: “return”: 从“size_t”转换到“int32”，可能丢失数据
E:\Engine\lonely3D\lonely3D\TextureLoader_JPEG.h(9,10): fatal error C1083: 无法打开包括文件: “jpeglib.h”: No such file or directory
  MeshLoader_X.cpp
E:\Engine\lonely3D\lonely3D\MathTools.h(559,27): warning C4267: “初始化”: 从“size_t”转换到“int”，可能丢失数据
E:\Engine\lonely3D\lonely3D\IndexBuffer.h(45,1): warning C4267: “return”: 从“size_t”转换到“uint32”，可能丢失数据
E:\Engine\lonely3D\lonely3D\IndexBuffer.h(49,1): warning C4267: “return”: 从“size_t”转换到“uint32”，可能丢失数据
E:\Engine\lonely3D\lonely3D\IndexBuffer.h(56,1): warning C4267: “return”: 从“size_t”转换到“uint32”，可能丢失数据
E:\Engine\lonely3D\lonely3D\IndexBuffer.h(60,1): warning C4267: “return”: 从“size_t”转换到“uint32”，可能丢失数据
E:\Engine\lonely3D\lonely3D\SkinnedSkeleton.h(30,28): warning C4267: “return”: 从“size_t”转换到“uint32”，可能丢失数据
E:\Engine\lonely3D\lonely3D\UtilTools.h(18,43): warning C4267: “初始化”: 从“size_t”转换到“int32”，可能丢失数据
E:\Engine\lonely3D\lonely3D\ISceneNode.h(69,31): warning C4267: “return”: 从“size_t”转换到“int32”，可能丢失数据
E:\Engine\lonely3D\lonely3D\ISceneNode.h(70,31): warning C4267: “return”: 从“size_t”转换到“int32”，可能丢失数据
E:\Engine\lonely3D\lonely3D\Light.h(102,29): warning C4267: “return”: 从“size_t”转换到“int32”，可能丢失数据
E:\Engine\lonely3D\lonely3D\TextureLoader_JPEG.h(9,10): fatal error C1083: 无法打开包括文件: “jpeglib.h”: No such file or directory
  QuadTree.cpp
E:\Engine\lonely3D\lonely3D\MathTools.h(559,27): warning C4267: “初始化”: 从“size_t”转换到“int”，可能丢失数据
E:\Engine\lonely3D\lonely3D\IndexBuffer.h(45,1): warning C4267: “return”: 从“size_t”转换到“uint32”，可能丢失数据
E:\Engine\lonely3D\lonely3D\IndexBuffer.h(49,1): warning C4267: “return”: 从“size_t”转换到“uint32”，可能丢失数据
E:\Engine\lonely3D\lonely3D\IndexBuffer.h(56,1): warning C4267: “return”: 从“size_t”转换到“uint32”，可能丢失数据
E:\Engine\lonely3D\lonely3D\IndexBuffer.h(60,1): warning C4267: “return”: 从“size_t”转换到“uint32”，可能丢失数据
E:\Engine\lonely3D\lonely3D\ISceneNode.h(69,31): warning C4267: “return”: 从“size_t”转换到“int32”，可能丢失数据
E:\Engine\lonely3D\lonely3D\ISceneNode.h(70,31): warning C4267: “return”: 从“size_t”转换到“int32”，可能丢失数据
E:\Engine\lonely3D\lonely3D\QuadTreeNode.h(113,30): warning C4267: “return”: 从“size_t”转换到“int32”，可能丢失数据
  QuadTreeNode.cpp
E:\Engine\lonely3D\lonely3D\MathTools.h(559,27): warning C4267: “初始化”: 从“size_t”转换到“int”，可能丢失数据
E:\Engine\lonely3D\lonely3D\IndexBuffer.h(45,1): warning C4267: “return”: 从“size_t”转换到“uint32”，可能丢失数据
E:\Engine\lonely3D\lonely3D\IndexBuffer.h(49,1): warning C4267: “return”: 从“size_t”转换到“uint32”，可能丢失数据
E:\Engine\lonely3D\lonely3D\IndexBuffer.h(56,1): warning C4267: “return”: 从“size_t”转换到“uint32”，可能丢失数据
E:\Engine\lonely3D\lonely3D\IndexBuffer.h(60,1): warning C4267: “return”: 从“size_t”转换到“uint32”，可能丢失数据
E:\Engine\lonely3D\lonely3D\ISceneNode.h(69,31): warning C4267: “return”: 从“size_t”转换到“int32”，可能丢失数据
E:\Engine\lonely3D\lonely3D\ISceneNode.h(70,31): warning C4267: “return”: 从“size_t”转换到“int32”，可能丢失数据
E:\Engine\lonely3D\lonely3D\QuadTreeNode.h(113,30): warning C4267: “return”: 从“size_t”转换到“int32”，可能丢失数据
E:\Engine\lonely3D\lonely3D\QuadTreeNode.cpp(62,30): warning C4267: “+=”: 从“size_t”转换到“int32”，可能丢失数据
E:\Engine\lonely3D\lonely3D\QuadTreeNode.cpp(92,32): warning C4267: “+=”: 从“size_t”转换到“int32”，可能丢失数据
  QuadTreeSceneNode.cpp
E:\Engine\lonely3D\lonely3D\MathTools.h(559,27): warning C4267: “初始化”: 从“size_t”转换到“int”，可能丢失数据
E:\Engine\lonely3D\lonely3D\IndexBuffer.h(45,1): warning C4267: “return”: 从“size_t”转换到“uint32”，可能丢失数据
E:\Engine\lonely3D\lonely3D\IndexBuffer.h(49,1): warning C4267: “return”: 从“size_t”转换到“uint32”，可能丢失数据
E:\Engine\lonely3D\lonely3D\IndexBuffer.h(56,1): warning C4267: “return”: 从“size_t”转换到“uint32”，可能丢失数据
E:\Engine\lonely3D\lonely3D\IndexBuffer.h(60,1): warning C4267: “return”: 从“size_t”转换到“uint32”，可能丢失数据
E:\Engine\lonely3D\lonely3D\ISceneNode.h(69,31): warning C4267: “return”: 从“size_t”转换到“int32”，可能丢失数据
E:\Engine\lonely3D\lonely3D\ISceneNode.h(70,31): warning C4267: “return”: 从“size_t”转换到“int32”，可能丢失数据
E:\Engine\lonely3D\lonely3D\QuadTreeNode.h(113,30): warning C4267: “return”: 从“size_t”转换到“int32”，可能丢失数据
E:\Engine\lonely3D\lonely3D\UtilTools.h(18,43): warning C4267: “初始化”: 从“size_t”转换到“int32”，可能丢失数据
E:\Engine\lonely3D\lonely3D\Light.h(102,29): warning C4267: “return”: 从“size_t”转换到“int32”，可能丢失数据
E:\Engine\lonely3D\lonely3D\SkinnedSkeleton.h(30,28): warning C4267: “return”: 从“size_t”转换到“uint32”，可能丢失数据
E:\Engine\lonely3D\lonely3D\TextureLoader_JPEG.h(9,10): fatal error C1083: 无法打开包括文件: “jpeglib.h”: No such file or directory
  Quaternion.cpp
E:\Engine\lonely3D\lonely3D\MathTools.h(559,27): warning C4267: “初始化”: 从“size_t”转换到“int”，可能丢失数据
  正在生成代码...
  正在编译...
  RoamTerrainSection.cpp
E:\Engine\lonely3D\lonely3D\MathTools.h(559,27): warning C4267: “初始化”: 从“size_t”转换到“int”，可能丢失数据
E:\Engine\lonely3D\lonely3D\UtilTools.h(18,43): warning C4267: “初始化”: 从“size_t”转换到“int32”，可能丢失数据
E:\Engine\lonely3D\lonely3D\IndexBuffer.h(45,1): warning C4267: “return”: 从“size_t”转换到“uint32”，可能丢失数据
E:\Engine\lonely3D\lonely3D\IndexBuffer.h(49,1): warning C4267: “return”: 从“size_t”转换到“uint32”，可能丢失数据
E:\Engine\lonely3D\lonely3D\IndexBuffer.h(56,1): warning C4267: “return”: 从“size_t”转换到“uint32”，可能丢失数据
E:\Engine\lonely3D\lonely3D\IndexBuffer.h(60,1): warning C4267: “return”: 从“size_t”转换到“uint32”，可能丢失数据
E:\Engine\lonely3D\lonely3D\ISceneNode.h(69,31): warning C4267: “return”: 从“size_t”转换到“int32”，可能丢失数据
E:\Engine\lonely3D\lonely3D\ISceneNode.h(70,31): warning C4267: “return”: 从“size_t”转换到“int32”，可能丢失数据
E:\Engine\lonely3D\lonely3D\QuadTreeNode.h(113,30): warning C4267: “return”: 从“size_t”转换到“int32”，可能丢失数据
E:\Engine\lonely3D\lonely3D\Light.h(102,29): warning C4267: “return”: 从“size_t”转换到“int32”，可能丢失数据
E:\Engine\lonely3D\lonely3D\SkinnedSkeleton.h(30,28): warning C4267: “return”: 从“size_t”转换到“uint32”，可能丢失数据
E:\Engine\lonely3D\lonely3D\TextureLoader_JPEG.h(9,10): fatal error C1083: 无法打开包括文件: “jpeglib.h”: No such file or directory
  RoamTerrainSystem.cpp
E:\Engine\lonely3D\lonely3D\MathTools.h(559,27): warning C4267: “初始化”: 从“size_t”转换到“int”，可能丢失数据
E:\Engine\lonely3D\lonely3D\IndexBuffer.h(45,1): warning C4267: “return”: 从“size_t”转换到“uint32”，可能丢失数据
E:\Engine\lonely3D\lonely3D\IndexBuffer.h(49,1): warning C4267: “return”: 从“size_t”转换到“uint32”，可能丢失数据
E:\Engine\lonely3D\lonely3D\IndexBuffer.h(56,1): warning C4267: “return”: 从“size_t”转换到“uint32”，可能丢失数据
E:\Engine\lonely3D\lonely3D\IndexBuffer.h(60,1): warning C4267: “return”: 从“size_t”转换到“uint32”，可能丢失数据
E:\Engine\lonely3D\lonely3D\ISceneNode.h(69,31): warning C4267: “return”: 从“size_t”转换到“int32”，可能丢失数据
E:\Engine\lonely3D\lonely3D\ISceneNode.h(70,31): warning C4267: “return”: 从“size_t”转换到“int32”，可能丢失数据
E:\Engine\lonely3D\lonely3D\QuadTreeNode.h(113,30): warning C4267: “return”: 从“size_t”转换到“int32”，可能丢失数据
E:\Engine\lonely3D\lonely3D\UtilTools.h(18,43): warning C4267: “初始化”: 从“size_t”转换到“int32”，可能丢失数据
E:\Engine\lonely3D\lonely3D\Light.h(102,29): warning C4267: “return”: 从“size_t”转换到“int32”，可能丢失数据
E:\Engine\lonely3D\lonely3D\SkinnedSkeleton.h(30,28): warning C4267: “return”: 从“size_t”转换到“uint32”，可能丢失数据
E:\Engine\lonely3D\lonely3D\TextureLoader_JPEG.h(9,10): fatal error C1083: 无法打开包括文件: “jpeglib.h”: No such file or directory
  SceneObject.cpp
E:\Engine\lonely3D\lonely3D\MathTools.h(559,27): warning C4267: “初始化”: 从“size_t”转换到“int”，可能丢失数据
E:\Engine\lonely3D\lonely3D\IndexBuffer.h(45,1): warning C4267: “return”: 从“size_t”转换到“uint32”，可能丢失数据
E:\Engine\lonely3D\lonely3D\IndexBuffer.h(49,1): warning C4267: “return”: 从“size_t”转换到“uint32”，可能丢失数据
E:\Engine\lonely3D\lonely3D\IndexBuffer.h(56,1): warning C4267: “return”: 从“size_t”转换到“uint32”，可能丢失数据
E:\Engine\lonely3D\lonely3D\IndexBuffer.h(60,1): warning C4267: “return”: 从“size_t”转换到“uint32”，可能丢失数据
E:\Engine\lonely3D\lonely3D\ISceneNode.h(69,31): warning C4267: “return”: 从“size_t”转换到“int32”，可能丢失数据
E:\Engine\lonely3D\lonely3D\ISceneNode.h(70,31): warning C4267: “return”: 从“size_t”转换到“int32”，可能丢失数据
E:\Engine\lonely3D\lonely3D\QuadTreeNode.h(113,30): warning C4267: “return”: 从“size_t”转换到“int32”，可能丢失数据
E:\Engine\lonely3D\lonely3D\UtilTools.h(18,43): warning C4267: “初始化”: 从“size_t”转换到“int32”，可能丢失数据
E:\Engine\lonely3D\lonely3D\Light.h(102,29): warning C4267: “return”: 从“size_t”转换到“int32”，可能丢失数据
E:\Engine\lonely3D\lonely3D\SkinnedSkeleton.h(30,28): warning C4267: “return”: 从“size_t”转换到“uint32”，可能丢失数据
E:\Engine\lonely3D\lonely3D\TextureLoader_JPEG.h(9,10): fatal error C1083: 无法打开包括文件: “jpeglib.h”: No such file or directory
  SkinnedSkeleton.cpp
E:\Engine\lonely3D\lonely3D\MathTools.h(559,27): warning C4267: “初始化”: 从“size_t”转换到“int”，可能丢失数据
E:\Engine\lonely3D\lonely3D\IndexBuffer.h(45,1): warning C4267: “return”: 从“size_t”转换到“uint32”，可能丢失数据
E:\Engine\lonely3D\lonely3D\IndexBuffer.h(49,1): warning C4267: “return”: 从“size_t”转换到“uint32”，可能丢失数据
E:\Engine\lonely3D\lonely3D\IndexBuffer.h(56,1): warning C4267: “return”: 从“size_t”转换到“uint32”，可能丢失数据
E:\Engine\lonely3D\lonely3D\IndexBuffer.h(60,1): warning C4267: “return”: 从“size_t”转换到“uint32”，可能丢失数据
E:\Engine\lonely3D\lonely3D\SkinnedSkeleton.h(30,28): warning C4267: “return”: 从“size_t”转换到“uint32”，可能丢失数据
  SkyBoxSceneNode.cpp
E:\Engine\lonely3D\lonely3D\MathTools.h(559,27): warning C4267: “初始化”: 从“size_t”转换到“int”，可能丢失数据
E:\Engine\lonely3D\lonely3D\IndexBuffer.h(45,1): warning C4267: “return”: 从“size_t”转换到“uint32”，可能丢失数据
E:\Engine\lonely3D\lonely3D\IndexBuffer.h(49,1): warning C4267: “return”: 从“size_t”转换到“uint32”，可能丢失数据
E:\Engine\lonely3D\lonely3D\IndexBuffer.h(56,1): warning C4267: “return”: 从“size_t”转换到“uint32”，可能丢失数据
E:\Engine\lonely3D\lonely3D\IndexBuffer.h(60,1): warning C4267: “return”: 从“size_t”转换到“uint32”，可能丢失数据
E:\Engine\lonely3D\lonely3D\ISceneNode.h(69,31): warning C4267: “return”: 从“size_t”转换到“int32”，可能丢失数据
E:\Engine\lonely3D\lonely3D\ISceneNode.h(70,31): warning C4267: “return”: 从“size_t”转换到“int32”，可能丢失数据
E:\Engine\lonely3D\lonely3D\UtilTools.h(18,43): warning C4267: “初始化”: 从“size_t”转换到“int32”，可能丢失数据
E:\Engine\lonely3D\lonely3D\Light.h(102,29): warning C4267: “return”: 从“size_t”转换到“int32”，可能丢失数据
E:\Engine\lonely3D\lonely3D\SkinnedSkeleton.h(30,28): warning C4267: “return”: 从“size_t”转换到“uint32”，可能丢失数据
E:\Engine\lonely3D\lonely3D\TextureLoader_JPEG.h(9,10): fatal error C1083: 无法打开包括文件: “jpeglib.h”: No such file or directory
  Terrain.cpp
E:\Engine\lonely3D\lonely3D\MathTools.h(559,27): warning C4267: “初始化”: 从“size_t”转换到“int”，可能丢失数据
E:\Engine\lonely3D\lonely3D\IndexBuffer.h(45,1): warning C4267: “return”: 从“size_t”转换到“uint32”，可能丢失数据
E:\Engine\lonely3D\lonely3D\IndexBuffer.h(49,1): warning C4267: “return”: 从“size_t”转换到“uint32”，可能丢失数据
E:\Engine\lonely3D\lonely3D\IndexBuffer.h(56,1): warning C4267: “return”: 从“size_t”转换到“uint32”，可能丢失数据
E:\Engine\lonely3D\lonely3D\IndexBuffer.h(60,1): warning C4267: “return”: 从“size_t”转换到“uint32”，可能丢失数据
E:\Engine\lonely3D\lonely3D\ISceneNode.h(69,31): warning C4267: “return”: 从“size_t”转换到“int32”，可能丢失数据
E:\Engine\lonely3D\lonely3D\ISceneNode.h(70,31): warning C4267: “return”: 从“size_t”转换到“int32”，可能丢失数据
E:\Engine\lonely3D\lonely3D\QuadTreeNode.h(113,30): warning C4267: “return”: 从“size_t”转换到“int32”，可能丢失数据
E:\Engine\lonely3D\lonely3D\UtilTools.h(18,43): warning C4267: “初始化”: 从“size_t”转换到“int32”，可能丢失数据
E:\Engine\lonely3D\lonely3D\Light.h(102,29): warning C4267: “return”: 从“size_t”转换到“int32”，可能丢失数据
E:\Engine\lonely3D\lonely3D\SkinnedSkeleton.h(30,28): warning C4267: “return”: 从“size_t”转换到“uint32”，可能丢失数据
E:\Engine\lonely3D\lonely3D\TextureLoader_JPEG.h(9,10): fatal error C1083: 无法打开包括文件: “jpeglib.h”: No such file or directory
  TerrainMeshBuffer.cpp
E:\Engine\lonely3D\lonely3D\MathTools.h(559,27): warning C4267: “初始化”: 从“size_t”转换到“int”，可能丢失数据
E:\Engine\lonely3D\lonely3D\IndexBuffer.h(45,1): warning C4267: “return”: 从“size_t”转换到“uint32”，可能丢失数据
E:\Engine\lonely3D\lonely3D\IndexBuffer.h(49,1): warning C4267: “return”: 从“size_t”转换到“uint32”，可能丢失数据
E:\Engine\lonely3D\lonely3D\IndexBuffer.h(56,1): warning C4267: “return”: 从“size_t”转换到“uint32”，可能丢失数据
E:\Engine\lonely3D\lonely3D\IndexBuffer.h(60,1): warning C4267: “return”: 从“size_t”转换到“uint32”，可能丢失数据
  TerrainSection.cpp
E:\Engine\lonely3D\lonely3D\MathTools.h(559,27): warning C4267: “初始化”: 从“size_t”转换到“int”，可能丢失数据
E:\Engine\lonely3D\lonely3D\IndexBuffer.h(45,1): warning C4267: “return”: 从“size_t”转换到“uint32”，可能丢失数据
E:\Engine\lonely3D\lonely3D\IndexBuffer.h(49,1): warning C4267: “return”: 从“size_t”转换到“uint32”，可能丢失数据
E:\Engine\lonely3D\lonely3D\IndexBuffer.h(56,1): warning C4267: “return”: 从“size_t”转换到“uint32”，可能丢失数据
E:\Engine\lonely3D\lonely3D\IndexBuffer.h(60,1): warning C4267: “return”: 从“size_t”转换到“uint32”，可能丢失数据
E:\Engine\lonely3D\lonely3D\ISceneNode.h(69,31): warning C4267: “return”: 从“size_t”转换到“int32”，可能丢失数据
E:\Engine\lonely3D\lonely3D\ISceneNode.h(70,31): warning C4267: “return”: 从“size_t”转换到“int32”，可能丢失数据
E:\Engine\lonely3D\lonely3D\QuadTreeNode.h(113,30): warning C4267: “return”: 从“size_t”转换到“int32”，可能丢失数据
E:\Engine\lonely3D\lonely3D\UtilTools.h(18,43): warning C4267: “初始化”: 从“size_t”转换到“int32”，可能丢失数据
E:\Engine\lonely3D\lonely3D\Light.h(102,29): warning C4267: “return”: 从“size_t”转换到“int32”，可能丢失数据
E:\Engine\lonely3D\lonely3D\SkinnedSkeleton.h(30,28): warning C4267: “return”: 从“size_t”转换到“uint32”，可能丢失数据
E:\Engine\lonely3D\lonely3D\TextureLoader_JPEG.h(9,10): fatal error C1083: 无法打开包括文件: “jpeglib.h”: No such file or directory
  Texture.cpp
E:\Engine\lonely3D\lonely3D\MathTools.h(559,27): warning C4267: “初始化”: 从“size_t”转换到“int”，可能丢失数据
E:\Engine\lonely3D\lonely3D\UtilTools.h(18,43): warning C4267: “初始化”: 从“size_t”转换到“int32”，可能丢失数据
  TextureLoader_BMP.cpp
E:\Engine\lonely3D\lonely3D\MathTools.h(559,27): warning C4267: “初始化”: 从“size_t”转换到“int”，可能丢失数据
E:\Engine\lonely3D\lonely3D\UtilTools.h(18,43): warning C4267: “初始化”: 从“size_t”转换到“int32”，可能丢失数据
E:\Engine\lonely3D\lonely3D\IndexBuffer.h(45,1): warning C4267: “return”: 从“size_t”转换到“uint32”，可能丢失数据
E:\Engine\lonely3D\lonely3D\IndexBuffer.h(49,1): warning C4267: “return”: 从“size_t”转换到“uint32”，可能丢失数据
E:\Engine\lonely3D\lonely3D\IndexBuffer.h(56,1): warning C4267: “return”: 从“size_t”转换到“uint32”，可能丢失数据
E:\Engine\lonely3D\lonely3D\IndexBuffer.h(60,1): warning C4267: “return”: 从“size_t”转换到“uint32”，可能丢失数据
E:\Engine\lonely3D\lonely3D\ISceneNode.h(69,31): warning C4267: “return”: 从“size_t”转换到“int32”，可能丢失数据
E:\Engine\lonely3D\lonely3D\ISceneNode.h(70,31): warning C4267: “return”: 从“size_t”转换到“int32”，可能丢失数据
E:\Engine\lonely3D\lonely3D\Light.h(102,29): warning C4267: “return”: 从“size_t”转换到“int32”，可能丢失数据
E:\Engine\lonely3D\lonely3D\SkinnedSkeleton.h(30,28): warning C4267: “return”: 从“size_t”转换到“uint32”，可能丢失数据
E:\Engine\lonely3D\lonely3D\TextureLoader_JPEG.h(9,10): fatal error C1083: 无法打开包括文件: “jpeglib.h”: No such file or directory
  TextureLoader_JPEG.cpp
E:\Engine\lonely3D\lonely3D\TextureLoader_JPEG.h(9,10): fatal error C1083: 无法打开包括文件: “jpeglib.h”: No such file or directory
  TextureLoader_PNG.cpp
E:\Engine\lonely3D\lonely3D\MathTools.h(559,27): warning C4267: “初始化”: 从“size_t”转换到“int”，可能丢失数据
E:\Engine\lonely3D\lonely3D\UtilTools.h(18,43): warning C4267: “初始化”: 从“size_t”转换到“int32”，可能丢失数据
E:\Engine\lonely3D\lonely3D\TextureLoader_PNG.cpp(3,10): fatal error C1083: 无法打开包括文件: “png.h”: No such file or directory
  Timer.cpp
E:\Engine\lonely3D\lonely3D\MathTools.h(559,27): warning C4267: “初始化”: 从“size_t”转换到“int”，可能丢失数据
  Vector2.cpp
E:\Engine\lonely3D\lonely3D\MathTools.h(559,27): warning C4267: “初始化”: 从“size_t”转换到“int”，可能丢失数据
  Vector3.cpp
E:\Engine\lonely3D\lonely3D\MathTools.h(559,27): warning C4267: “初始化”: 从“size_t”转换到“int”，可能丢失数据
  Vector4.cpp
E:\Engine\lonely3D\lonely3D\MathTools.h(559,27): warning C4267: “初始化”: 从“size_t”转换到“int”，可能丢失数据
  ZBuffer.cpp
E:\Engine\lonely3D\lonely3D\MathTools.h(559,27): warning C4267: “初始化”: 从“size_t”转换到“int”，可能丢失数据
E:\Engine\lonely3D\lonely3D\UtilTools.h(18,43): warning C4267: “初始化”: 从“size_t”转换到“int32”，可能丢失数据
  正在生成代码...
