e:\engine\lonely3d\lonely3d\x64\debug\lonely3d.pdb
e:\engine\lonely3d\lonely3d\x64\debug\lonely3d.idb
e:\engine\lonely3d\lonely3d\x64\debug\quaternion.obj
e:\engine\lonely3d\lonely3d\x64\debug\quadtreenode.obj
e:\engine\lonely3d\lonely3d\x64\debug\quadtree.obj
e:\engine\lonely3d\lonely3d\x64\debug\meshbuffer.obj
e:\engine\lonely3d\lonely3d\x64\debug\matrix4x4.obj
e:\engine\lonely3d\lonely3d\x64\debug\matrix3x3.obj
e:\engine\lonely3d\lonely3d\x64\debug\ishader.obj
e:\engine\lonely3d\lonely3d\x64\debug\fileinfo.obj
e:\engine\lonely3d\lonely3d\x64\debug\emptyscenenode.obj
e:\engine\lonely3d\lonely3d\x64\debug\colorconverter.obj
e:\engine\lonely3d\lonely3d\x64\debug\aabb.obj
e:\engine\lonely3d\lonely3d\x64\debug\zbuffer.obj
e:\engine\lonely3d\lonely3d\x64\debug\vector4.obj
e:\engine\lonely3d\lonely3d\x64\debug\vector3.obj
e:\engine\lonely3d\lonely3d\x64\debug\vector2.obj
e:\engine\lonely3d\lonely3d\x64\debug\timer.obj
e:\engine\lonely3d\lonely3d\x64\debug\texture.obj
e:\engine\lonely3d\lonely3d\x64\debug\terrainmeshbuffer.obj
e:\engine\lonely3d\lonely3d\x64\debug\skinnedskeleton.obj
e:\engine\lonely3d\lonely3d\x64\debug\lonely3d.tlog\cl.command.1.tlog
e:\engine\lonely3d\lonely3d\x64\debug\lonely3d.tlog\cl.read.1.tlog
e:\engine\lonely3d\lonely3d\x64\debug\lonely3d.tlog\cl.write.1.tlog
