e:\engine\gamerender3d\lonely3d\debug\lonely3d.pdb
e:\engine\gamerender3d\lonely3d\debug\lonely3d.idb
e:\engine\gamerender3d\lonely3d\debug\quaternion.obj
e:\engine\gamerender3d\lonely3d\debug\quadtreescenenode.obj
e:\engine\gamerender3d\lonely3d\debug\quadtreenode.obj
e:\engine\gamerender3d\lonely3d\debug\quadtree.obj
e:\engine\gamerender3d\lonely3d\debug\meshloader_x.obj
e:\engine\gamerender3d\lonely3d\debug\meshloader_ogre.obj
e:\engine\gamerender3d\lonely3d\debug\meshbuffer.obj
e:\engine\gamerender3d\lonely3d\debug\lonely3d.obj
e:\engine\gamerender3d\lonely3d\debug\matrix4x4.obj
e:\engine\gamerender3d\lonely3d\debug\matrix3x3.obj
e:\engine\gamerender3d\lonely3d\debug\lightscenenode.obj
e:\engine\gamerender3d\lonely3d\debug\ishader.obj
e:\engine\gamerender3d\lonely3d\debug\gamehost.obj
e:\engine\gamerender3d\lonely3d\debug\fileinfo.obj
e:\engine\gamerender3d\lonely3d\debug\emptyscenenode.obj
e:\engine\gamerender3d\lonely3d\debug\cubescenenode.obj
e:\engine\gamerender3d\lonely3d\debug\colorconverter.obj
e:\engine\gamerender3d\lonely3d\debug\camera.obj
e:\engine\gamerender3d\lonely3d\debug\animatedmeshscenenode.obj
e:\engine\gamerender3d\lonely3d\debug\aabb.obj
e:\engine\gamerender3d\lonely3d\debug\zbuffer.obj
e:\engine\gamerender3d\lonely3d\debug\vector4.obj
e:\engine\gamerender3d\lonely3d\debug\vector3.obj
e:\engine\gamerender3d\lonely3d\debug\vector2.obj
e:\engine\gamerender3d\lonely3d\debug\timer.obj
e:\engine\gamerender3d\lonely3d\debug\textureloader_png.obj
e:\engine\gamerender3d\lonely3d\debug\textureloader_jpeg.obj
e:\engine\gamerender3d\lonely3d\debug\textureloader_bmp.obj
e:\engine\gamerender3d\lonely3d\debug\texture.obj
e:\engine\gamerender3d\lonely3d\debug\terrainsection.obj
e:\engine\gamerender3d\lonely3d\debug\terrainmeshbuffer.obj
e:\engine\gamerender3d\lonely3d\debug\terrain.obj
e:\engine\gamerender3d\lonely3d\debug\skyboxscenenode.obj
e:\engine\gamerender3d\lonely3d\debug\skinnedskeleton.obj
e:\engine\gamerender3d\lonely3d\debug\sceneobject.obj
e:\engine\gamerender3d\lonely3d\debug\roamterrainsystem.obj
e:\engine\gamerender3d\lonely3d\debug\roamterrainsection.obj
e:\engine\gamerender3d\debug\lonely3d.lib
e:\engine\gamerender3d\lonely3d\debug\lonely3d.res
e:\engine\gamerender3d\lonely3d\debug\lonely3d.tlog\cl.command.1.tlog
e:\engine\gamerender3d\lonely3d\debug\lonely3d.tlog\cl.read.1.tlog
e:\engine\gamerender3d\lonely3d\debug\lonely3d.tlog\cl.write.1.tlog
e:\engine\gamerender3d\lonely3d\debug\lonely3d.tlog\lib-link-cvtres.read.1.tlog
e:\engine\gamerender3d\lonely3d\debug\lonely3d.tlog\lib-link-cvtres.write.1.tlog
e:\engine\gamerender3d\lonely3d\debug\lonely3d.tlog\lib.command.1.tlog
e:\engine\gamerender3d\lonely3d\debug\lonely3d.tlog\rc.command.1.tlog
e:\engine\gamerender3d\lonely3d\debug\lonely3d.tlog\rc.read.1.tlog
e:\engine\gamerender3d\lonely3d\debug\lonely3d.tlog\rc.write.1.tlog
