  AABB.cpp
  AnimatedMeshSceneNode.cpp
  Camera.cpp
  ColorConverter.cpp
  CubeSceneNode.cpp
  EmptySceneNode.cpp
  FIleInfo.cpp
  GameHost.cpp
  IShader.cpp
  LightSceneNode.cpp
  Matrix3x3.cpp
  Matrix4x4.cpp
  lonely3D.cpp
  MeshBuffer.cpp
  MeshLoader_OGRE.cpp
  MeshLoader_X.cpp
  QuadTree.cpp
  QuadTreeNode.cpp
  QuadTreeSceneNode.cpp
  Quaternion.cpp
  正在生成代码...
  正在编译...
  RoamTerrainSection.cpp
  RoamTerrainSystem.cpp
  SceneObject.cpp
  SkinnedSkeleton.cpp
  SkyBoxSceneNode.cpp
  Terrain.cpp
  TerrainMeshBuffer.cpp
  TerrainSection.cpp
  Texture.cpp
  TextureLoader_BMP.cpp
  TextureLoader_JPEG.cpp
  TextureLoader_PNG.cpp
  Timer.cpp
  Vector2.cpp
  Vector3.cpp
  Vector4.cpp
  ZBuffer.cpp
  正在生成代码...
  lonely3D.vcxproj -> E:\Engine\lonely3D\Debug\lonely3D.lib
